<?xml version="1.0" encoding="UTF-8"?>
<testsuite xmlns:xsi="http://www.w3.org/2001/XMLSchema-instance" xsi:noNamespaceSchemaLocation="https://maven.apache.org/surefire/maven-surefire-plugin/xsd/surefire-test-report-3.0.xsd" version="3.0" name="com.udacity.catpoint.security.service.SecurityServiceTest" time="1.262" tests="13" errors="0" skipped="0" failures="0">
  <properties>
[...]
</properties>
  <testcase name="armingStatusArmed_alarmStatusPending_sensorActivated_alarmStatusAlarm" classname="com.udacity.catpoint.security.service.SecurityServiceTest" time="1.1"/>
  <testcase name="alarmStatusPending_sensorActivatedAgain_alarmStatusAlarm" classname="com.udacity.catpoint.security.service.SecurityServiceTest" time="0.006"/>
  <testcase name="armingStatusArmed_sensorsDeactivated" classname="com.udacity.catpoint.security.service.SecurityServiceTest" time="0.012"/>
  <testcase name="sensorsDeactivated_catNotDetected_alarmStatusNoAlarm" classname="com.udacity.catpoint.security.service.SecurityServiceTest" time="0.015"/>
  <testcase name="armingStatusArmed_armingStatusDisarmed_alarmStatusNoAlarm" classname="com.udacity.catpoint.security.service.SecurityServiceTest" time="0.006"/>
  <testcase name="alarmStatusAlarm_sensorStatesChanged_alarmStatusAlarm" classname="com.udacity.catpoint.security.service.SecurityServiceTest" time="0.008"/>
  <testcase name="armingStatusArmed_alarmStatusNoAlarm_sensorActivated_alarmStatusPending" classname="com.udacity.catpoint.security.service.SecurityServiceTest" time="0.005"/>
  <testcase name="alarmStatusAny_sensorDeactivatedAgain_alarmStatusNoChange(AlarmStatus)[1]" classname="com.udacity.catpoint.security.service.SecurityServiceTest" time="0.025"/>
  <testcase name="alarmStatusAny_sensorDeactivatedAgain_alarmStatusNoChange(AlarmStatus)[2]" classname="com.udacity.catpoint.security.service.SecurityServiceTest" time="0.004"/>
  <testcase name="alarmStatusAny_sensorDeactivatedAgain_alarmStatusNoChange(AlarmStatus)[3]" classname="com.udacity.catpoint.security.service.SecurityServiceTest" time="0.005"/>
  <testcase name="alarmStatusPending_sensorDeactivated_alarmStatusNoAlarm" classname="com.udacity.catpoint.security.service.SecurityServiceTest" time="0.004"/>
  <testcase name="armingStatusArmedHome_catDetected_alarmStatusAlarm" classname="com.udacity.catpoint.security.service.SecurityServiceTest" time="0.004"/>
  <testcase name="catDetected_armingStatusArmed_alarmStatusAlarm" classname="com.udacity.catpoint.security.service.SecurityServiceTest" time="0.004"/>
</testsuite>